<?xml version="1.0"?>
<testsuite name="PhantomJS 2.1.1 (Mac OS X 0.0.0)" package="" timestamp="2016-11-15T18:17:33" id="0" hostname="Niveditas-MacBook-Pro.local" tests="13" errors="0" failures="3" time="0.067">
  <properties>
    <property name="browser.fullName" value="Mozilla/5.0 (Macintosh; Intel Mac OS X) AppleWebKit/538.1 (KHTML, like Gecko) PhantomJS/2.1.1 Safari/538.1"/>
  </properties>
  <testcase name="EventDetailsController Event Details Controller check behaviour on add to calendar button click " time="0.017" classname="PhantomJS_2_1_1_(Mac_OS_X_0_0_0).EventDetailsController">
    <failure type="">Error: [ng:areq] Argument 'EventDetails' is not a function, got undefined
http://errors.angularjs.org/1.5.8/ng/areq?p0=EventDetails&amp;p1=not%20a%20function%2C%20got%20undefined in node_modules/angular/angular.js (line 1892)
assertArg@node_modules/angular/angular.js:1892:91
assertArgFn@node_modules/angular/angular.js:1902:12
$controller@node_modules/angular/angular.js:10330:20
node_modules/angular-mocks/angular-mocks.js:2221:21
www/tests/event_details_test.js:9:1139
loaded@http://localhost:9876/context.js:151:17

</failure>
  </testcase>
  <testcase name="EventDetailsController Event Details Controller check behaviour on share to facebook button click " time="0.005" classname="PhantomJS_2_1_1_(Mac_OS_X_0_0_0).EventDetailsController">
    <failure type="">TypeError: undefined is not a constructor (evaluating 'controller.shareClick()') in www/tests/event_details_test.js (line 9)
www/tests/event_details_test.js:9:2010
loaded@http://localhost:9876/context.js:151:17

</failure>
  </testcase>
  <testcase name="EventDetailsController Event Details Controller check behaviour on no button click " time="0.004" classname="PhantomJS_2_1_1_(Mac_OS_X_0_0_0).EventDetailsController">
    <failure type="">TypeError: undefined is not a constructor (evaluating '$cordovaGeolocation.getCurrentPosition(options)') in www/js/controllers.js (line 9)
init@www/js/controllers.js:9:4718
www/js/controllers.js:9:5745
[native code]
instantiate@node_modules/angular/angular.js:4733:61
$controller@node_modules/angular/angular.js:10369:39
node_modules/angular-mocks/angular-mocks.js:2221:21
www/tests/event_details_test.js:9:2743
loaded@http://localhost:9876/context.js:151:17

</failure>
  </testcase>
  <testcase name="EventController Event Controller checks if navigated to event details page " time="0.006" classname="PhantomJS_2_1_1_(Mac_OS_X_0_0_0).EventController"/>
  <testcase name="EventController Event Controller checks no navigation to event details page since event details id is wrong" time="0.005" classname="PhantomJS_2_1_1_(Mac_OS_X_0_0_0).EventController"/>
  <testcase name="EventController Event Controller checks no navigation to event details page since event details id is wrong" time="0.004" classname="PhantomJS_2_1_1_(Mac_OS_X_0_0_0).EventController"/>
  <testcase name="LoginCtrl Login Controller checks username and password validation " time="0.005" classname="PhantomJS_2_1_1_(Mac_OS_X_0_0_0).LoginCtrl"/>
  <testcase name="LoginCtrl Login Controller checks username and password validation " time="0.003" classname="PhantomJS_2_1_1_(Mac_OS_X_0_0_0).LoginCtrl"/>
  <testcase name="LoginCtrl Login Controller checks username and password validation " time="0.003" classname="PhantomJS_2_1_1_(Mac_OS_X_0_0_0).LoginCtrl"/>
  <testcase name="LoginCtrl Login Controller checks username and password validation " time="0.005" classname="PhantomJS_2_1_1_(Mac_OS_X_0_0_0).LoginCtrl"/>
  <testcase name="LoginCtrl Login Controller checks username and password validation " time="0.003" classname="PhantomJS_2_1_1_(Mac_OS_X_0_0_0).LoginCtrl"/>
  <testcase name="LoginCtrl Login Controller checks username and password validation " time="0.004" classname="PhantomJS_2_1_1_(Mac_OS_X_0_0_0).LoginCtrl"/>
  <testcase name="LoginCtrl Login Controller checks username and password validation " time="0.003" classname="PhantomJS_2_1_1_(Mac_OS_X_0_0_0).LoginCtrl"/>
  <system-out>
    <![CDATA[PhantomJS 2.1.1 (Mac OS X 0.0.0) LOG: 'inside events controller'
,PhantomJS 2.1.1 (Mac OS X 0.0.0) LOG: 'after id234'
,PhantomJS 2.1.1 (Mac OS X 0.0.0) LOG: 'inside event details init'
,PhantomJS 2.1.1 (Mac OS X 0.0.0) LOG: 'inside events controller'
,PhantomJS 2.1.1 (Mac OS X 0.0.0) LOG: 'inside eventClick'
,PhantomJS 2.1.1 (Mac OS X 0.0.0) LOG: 'Mock transition to: eventDetails'
,PhantomJS 2.1.1 (Mac OS X 0.0.0) LOG: 'inside events controller'
,PhantomJS 2.1.1 (Mac OS X 0.0.0) LOG: 'inside eventClick'
,PhantomJS 2.1.1 (Mac OS X 0.0.0) LOG: 'inside events controller'
,PhantomJS 2.1.1 (Mac OS X 0.0.0) LOG: 'inside eventClick'
,PhantomJS 2.1.1 (Mac OS X 0.0.0) LOG: 'inside login controller'
,PhantomJS 2.1.1 (Mac OS X 0.0.0) LOG: 'inside signin function'
,PhantomJS 2.1.1 (Mac OS X 0.0.0) LOG: 'Mock transition to: event'
,PhantomJS 2.1.1 (Mac OS X 0.0.0) LOG: 'inside login controller'
,PhantomJS 2.1.1 (Mac OS X 0.0.0) LOG: 'inside signin function'
,PhantomJS 2.1.1 (Mac OS X 0.0.0) LOG: 'Mock transition to: event'
,PhantomJS 2.1.1 (Mac OS X 0.0.0) LOG: 'inside login controller'
,PhantomJS 2.1.1 (Mac OS X 0.0.0) LOG: 'inside signin function'
,PhantomJS 2.1.1 (Mac OS X 0.0.0) LOG: 'Mock transition to: event'
,PhantomJS 2.1.1 (Mac OS X 0.0.0) LOG: 'inside login controller'
,PhantomJS 2.1.1 (Mac OS X 0.0.0) LOG: 'inside signin function'
,PhantomJS 2.1.1 (Mac OS X 0.0.0) LOG: 'inside login controller'
,PhantomJS 2.1.1 (Mac OS X 0.0.0) LOG: 'inside signin function'
,PhantomJS 2.1.1 (Mac OS X 0.0.0) LOG: 'inside login controller'
,PhantomJS 2.1.1 (Mac OS X 0.0.0) LOG: 'inside signin function'
,PhantomJS 2.1.1 (Mac OS X 0.0.0) LOG: 'inside login controller'
,PhantomJS 2.1.1 (Mac OS X 0.0.0) LOG: 'inside signin function'

]]>
  </system-out>
  <system-err/>
</testsuite>